Criterion:Wilcoxon
20;24;
Size=481
1. 210  0.00000000000056784648
2. 211  0.00000000000113569296
3. 212  0.00000000000227138593
4. 213  0.00000000000397492538
5. 214  0.00000000000681415779
6. 215  0.00000000001078908316
7. 216  0.00000000001703539447
8. 217  0.00000000002555309170
9. 218  0.00000000003804571431
10. 219  0.00000000005508110878
11. 220  0.00000000007893066103
12. 221  0.00000000011073006403
13. 222  0.00000000015445424317
14. 223  0.00000000021180673787
15. 224  0.00000000028846601297
16. 225  0.00000000038840699384
17. 226  0.00000000051957953124
18. 227  0.00000000068822993646
19. 228  0.00000000090685083212
20. 229  0.00000000118509560841
21. 230  0.00000000154113535276
22. 231  0.00000000199030192020
23. 232  0.00000000255814840243
24. 233  0.00000000326852435170
25. 234  0.00000000415890763583
26. 235  0.00000000526336904376
27. 236  0.00000000663471829834
28. 237  0.00000000832462942944
29. 238  0.00000001040635463329
30. 239  0.00000001295371395255
31. 240  0.00000001607005544701
32. 241  0.00000001985929502291
33. 242  0.00000002446396214729
34. 243  0.00000003003112905904
35. 244  0.00000003675443140860
36. 245  0.00000004483829392958
37. 246  0.00000005454733308269
38. 247  0.00000006615979364423
39. 248  0.00000008003228320503
40. 249  0.00000009654525890818
41. 250  0.00000011617400825931
42. 251  0.00000013942959309242
43. 252  0.00000016694516223520
44. 253  0.00000019940156361983
45. 254  0.00000023763296372870
46. 255  0.00000028254280631504
47. 256  0.00000033522078877825
48. 257  0.00000039685371026617
49. 258  0.00000046886232267733
50. 259  0.00000055279003275043
51. 260  0.00000065047268816251
52. 261  0.00000076391251560990
53. 262  0.00000089546437445439
54. 263  0.00000104770174495343
55. 264  0.00000122363478130931
56. 265  0.00000142654847542171
57. 266  0.00000166026273057657
58. 267  0.00000192895121841824
59. 268  0.00000223743098065547
60. 269  0.00000259096936125739
61. 270  0.00000299561676449212
62. 271  0.00000345797554140851
63. 272  0.00000398559748237370
64. 273  0.00000458672658261664
65. 274  0.00000527073458048002
66. 275  0.00000604784895895520
67. 276  0.00000692965208274019
68. 277  0.00000792876263636300
69. 278  0.00000905941653113307
70. 279  0.00001033711313678278
71. 280  0.00001177925808368533
72. 281  0.00001340478791633002
73. 282  0.00001523489636897299
74. 283  0.00001729259769169242
75. 284  0.00001960356706318218
76. 285  0.00002219566076047438
77. 286  0.00002509983323100816
78. 287  0.00002834963000572107
79. 288  0.00003198222004395373
80. 289  0.00003603781141941965
81. 290  0.00004056082676242342
82. 291  0.00004559925932194987
83. 292  0.00005120596084148578
84. 293  0.00005743795957539469
85. 294  0.00006435788728712674
86. 295  0.00007203320129953807
87. 296  0.00008053779774674675
88. 297  0.00008995115923656302
89. 298  0.00010036010154626857
90. 299  0.00011185786677178448
91. 300  0.00012454605627709668
92. 301  0.00013853359778150481
93. 302  0.00015393890147271511
94. 303  0.00017088872715310865
95. 304  0.00018952051297816460
96. 305  0.00020998116935053230
97. 306  0.00023242962116873194
98. 307  0.00025703544158851849
99. 308  0.00028398167024497285
100. 309  0.00031346331300209591
101. 310  0.00034569035721762929
102. 311  0.00038088616530535674
103. 312  0.00041929075404853938
104. 313  0.00046115898033040483
105. 314  0.00050676412765252889
106. 315  0.00055639591583291558
107. 316  0.00061036432204497561
108. 317  0.00066899744571475368
109. 318  0.00073264561518668781
110. 319  0.00080167898175806374
111. 320  0.00087649198919867726
112. 321  0.00095750072985761219
113. 322  0.00104514766346750832
114. 323  0.00113989876996229930
115. 324  0.00124224859365751404
116. 325  0.00135271705195304692
117. 326  0.00147185485940275564
118. 327  0.00160024002807659200
119. 328  0.00173848356646789655
120. 329  0.00188722570388213874
121. 330  0.00204714192437363768
122. 331  0.00221893874878189082
123. 332  0.00240336019284961714
124. 333  0.00260118314779162483
125. 334  0.00281322410132577331
126. 335  0.00304033415936286536
127. 336  0.00328340612307735299
128. 337  0.00354336896262537468
129. 338  0.00382119531726109142
130. 339  0.00411789545912858053
131. 340  0.00443452507219079667
132. 341  0.00477217875265873413
133. 342  0.00513199813260320405
134. 343  0.00551516470805376267
135. 344  0.00592290840836997602
136. 345  0.00635649980425198602
137. 346  0.00681725892015007644
138. 347  0.00730654687499659918
139. 348  0.00782577505122312826
140. 349  0.00837639593255747050
141. 350  0.00895991270857905871
142. 351  0.00957786936920492459
143. 352  0.01023186055966538756
144. 353  0.01092352099982056221
145. 354  0.01165453566735131889
146. 355  0.01242662829262170497
147. 356  0.01324157200068987184
148. 357  0.01410117695667215988
149. 358  0.01500730122183214707
150. 359  0.01596183762610567033
151. 360  0.01696672498022961870
152. 361  0.01802393390854004768
153. 362  0.01913547851992093013
154. 363  0.02030340129627356688
155. 364  0.02152978499741809576
156. 365  0.02281673671085363703
157. 366  0.02416640010134262634
158. 367  0.02558093834371692743
159. 368  0.02706254688636322570
160. 369  0.02861343537837303733
161. 370  0.03023584066925221955
162. 371  0.03193200785534108799
163. 372  0.03370420369632325802
164. 373  0.03555469649869616444
165. 374  0.03748577007911606251
166. 375  0.03949970263142332100
167. 376  0.04159878099492102937
168. 377  0.04378527865827361309
169. 378  0.04606147048490182722
170. 379  0.04842960955677107909
171. 380  0.05089194257211661354
172. 381  0.05345068570117893908
173. 382  0.05610804034678296137
174. 383  0.05886616819940983930
175. 384  0.06172720757925091034
176. 385  0.06469324739817509939
177. 386  0.06776634426156141755
178. 387  0.07094849553647600282
179. 388  0.07424165695207383953
180. 389  0.07764771498068152866
181. 390  0.08116850512529331929
182. 391  0.08480578331316877827
183. 392  0.08856124512481831912
184. 393  0.09243649643009364814
185. 394  0.09643307321284426414
186. 395  0.10055241168913195415
187. 396  0.10479586898876751266
188. 397  0.10916469244901226554
189. 398  0.11366004136025910365
190. 399  0.11828295567712339420
191. 400  0.12303437853469179064
192. 401  0.12791512463253359999
193. 402  0.13292590372878107519
194. 403  0.13806728838020301819
195. 404  0.14333973868100460813
196. 405  0.14874356962641860358
197. 406  0.15427897670781773320
198. 407  0.15994600316841517396
199. 408  0.16574456673066270684
200. 409  0.17167442639824193051
201. 410  0.17773521052528357123
202. 411  0.18392638343380865451
203. 412  0.19024727447327210994
204. 413  0.19669704472942708962
205. 414  0.20327471726215021186
206. 415  0.20997914354798571934
207. 416  0.21680903515973301565
208. 417  0.22376293021069437739
209. 418  0.23083922602174747341
210. 419  0.23803614582737034344
211. 420  0.24535177268516195070
212. 421  0.25278401605353401083
213. 422  0.26033064711800840696
214. 423  0.26798926550405632874
215. 424  0.27575733558633824805
216. 425  0.28363215359676419158
217. 426  0.29161088507680832382
218. 427  0.29969053195717726412
219. 428  0.30786797138260951767
220. 429  0.31613992300278254133
221. 430  0.32450298863298243646
222. 431  0.33295361999815237253
223. 432  0.34148815943896759784
224. 433  0.35010280765929097102
225. 434  0.35879366559917269530
226. 435  0.36755670241909760287
227. 436  0.37638779803850086481
228. 437  0.38528271158281057751
229. 438  0.39423712470331989666
230. 439  0.40324660999981215559
231. 440  0.41230667530804382404
232. 441  0.42141273231202991401
233. 442  0.43056014119438090759
234. 443  0.43974417965403095332
235. 444  0.44896008808183235361
236. 445  0.45820303848686050330
237. 446  0.46746818028868986072
238. 447  0.47675060935670032780
239. 448  0.48604541387390171048
240. 449  0.49534764368401290602
241. 450  0.50465235631598714949
242. 451  0.51395458612609834503
243. 452  0.52324939064329967220
244. 453  0.53253181971131013928
245. 454  0.54179696151313949670
246. 455  0.55103991191816770190
247. 456  0.56025582034596899117
248. 457  0.56943985880561909241
249. 458  0.57858726768797008599
250. 459  0.58769332469195623148
251. 460  0.59675339000018778890
252. 461  0.60576287529668015885
253. 462  0.61471728841718942249
254. 463  0.62361220196149913519
255. 464  0.63244329758090245264
256. 465  0.64120633440082730470
257. 466  0.64989719234070897347
258. 467  0.65851184056103240216
259. 468  0.66704638000184768298
260. 469  0.67549701136701756354
261. 470  0.68386007699721751418
262. 471  0.69213202861739053784
263. 472  0.70030946804282279139
264. 473  0.70838911492319167618
265. 474  0.71636784640323580842
266. 475  0.72424266441366169644
267. 476  0.73201073449594367126
268. 477  0.73966935288199164855
269. 478  0.74721598394646593366
270. 479  0.75464822731483804930
271. 480  0.76196385417262968431
272. 481  0.76916077397825255435
273. 482  0.77623706978930562261
274. 483  0.78319096484026695659
275. 484  0.79002085645201425290
276. 485  0.79672528273784981590
277. 486  0.80330295527057293814
278. 487  0.80975272552672794557
279. 488  0.81607361656619137324
280. 489  0.82226478947471648429
281. 490  0.82832557360175806949
282. 491  0.83425543326933726540
283. 492  0.84005399683158488155
284. 493  0.84572102329218223904
285. 494  0.85125643037358145193
286. 495  0.85666026131899541962
287. 496  0.86193271161979700956
288. 497  0.86707409627121889706
289. 498  0.87208487536746637225
290. 499  0.87696562146530820936
291. 500  0.88171704432287656417
292. 501  0.88633995863974091023
293. 502  0.89083530755098772058
294. 503  0.89520413101123252897
295. 504  0.89944758831086801809
296. 505  0.90356692678715577749
297. 506  0.90756350356990633799
298. 507  0.91143875487518166700
299. 508  0.91519421668683120785
300. 509  0.91883149487470672234
301. 510  0.92235228501931842970
302. 511  0.92575834304792614660
303. 512  0.92905150446352402493
304. 513  0.93223365573843852694
305. 514  0.93530675260182494224
306. 515  0.93827279242074912435
307. 516  0.94113383180059018152
308. 517  0.94389195965321703863
309. 518  0.94654931429882105398
310. 519  0.94910805742788340034
311. 520  0.95157039044322888621
312. 521  0.95393852951509816585
313. 522  0.95621472134172635915
314. 523  0.95840121900507901920
315. 524  0.96050029736857667206
316. 525  0.96251422992088397912
317. 526  0.96444530350130386331
318. 527  0.96629579630367679055
319. 528  0.96806799214465888426
320. 529  0.96976415933074777698
321. 530  0.97138656462162698002
322. 531  0.97293745311363677430
323. 532  0.97441906165628311420
324. 533  0.97583359989865736672
325. 534  0.97718326328914639767
326. 535  0.97847021500258191118
327. 536  0.97969659870372638455
328. 537  0.98086452148007907681
329. 538  0.98197606609145993151
330. 539  0.98303327501977033620
331. 540  0.98403816237389429844
332. 541  0.98499269877816786334
333. 542  0.98589882304332787655
334. 543  0.98675842799931012816
335. 544  0.98757337170737824472
336. 545  0.98834546433264869325
337. 546  0.98907647900017947595
338. 547  0.98976813944033459336
339. 548  0.99042213063079509450
340. 549  0.99104008729142090139
341. 550  0.99162360406744254337
342. 551  0.99217422494877682837
343. 552  0.99269345312500345546
344. 553  0.99318274107984994004
345. 554  0.99364350019574798623
346. 555  0.99407709159163004653
347. 556  0.99448483529194620090
348. 557  0.99486800186739676732
349. 558  0.99522782124734121556
350. 559  0.99556547492780922415
351. 560  0.99588210454087144896
352. 561  0.99617880468273889427
353. 562  0.99645663103737458499
354. 563  0.99671659387692268517
355. 564  0.99695966584063711036
356. 565  0.99718677589867421585
357. 566  0.99739881685220832530
358. 567  0.99759663980715040932
359. 568  0.99778106125121812653
360. 569  0.99795285807562639224
361. 570  0.99811277429611788836
362. 571  0.99826151643353211451
363. 572  0.99839975997192342838
364. 573  0.99852814514059728968
365. 574  0.99864728294804694375
366. 575  0.99875775140634248661
367. 576  0.99886010123003765582
368. 577  0.99895485233653247281
369. 578  0.99904249927014243671
370. 579  0.99912350801080129781
371. 580  0.99919832101824190840
372. 581  0.99926735438481328888
373. 582  0.99933100255428519709
374. 583  0.99938963567795502385
375. 584  0.99944360408416710317
376. 585  0.99949323587234750743
377. 586  0.99953884101966961051
378. 587  0.99958070924595143758
379. 588  0.99961911383469459480
380. 589  0.99965430964278234605
381. 590  0.99968653668699791748
382. 591  0.99971601832975498514
383. 592  0.99974296455841149545
384. 593  0.99976757037883123846
385. 594  0.99979001883064944067
386. 595  0.99981047948702184147
387. 596  0.99982911127284690433
388. 597  0.99984606109852725009
389. 598  0.99986146640221851278
390. 599  0.99987545394372290275
391. 600  0.99988814213322818603
392. 601  0.99989963989845376258
393. 602  0.99991004884076339909
394. 603  0.99991946220225325082
395. 604  0.99992796679870044052
396. 605  0.99993564211271290798
397. 606  0.99994256204042464287
398. 607  0.99994879403915848393
399. 608  0.99995440074067809544
400. 609  0.99995943917323759642
401. 610  0.99996396218858063509
402. 611  0.99996801777995603100
403. 612  0.99997165036999424714
404. 613  0.99997490016676904290
405. 614  0.99997780433923955101
406. 615  0.99998039643293679113
407. 616  0.99998270740230832399
408. 617  0.99998476510363099035
409. 618  0.99998659521208366208
410. 619  0.99998822074191628939
411. 620  0.99998966288686319537
412. 621  0.99999094058346882363
413. 622  0.99999207123736366665
414. 623  0.99999307034791728999
415. 624  0.99999395215104103229
416. 625  0.99999472926541954632
417. 626  0.99999541327341734398
418. 627  0.99999601440251761897
419. 628  0.99999654202445864559
420. 629  0.99999700438323546603
421. 630  0.99999740903063871755
422. 631  0.99999776256901939941
423. 632  0.99999807104878157826
424. 633  0.99999833973726937053
425. 634  0.99999857345152454169
426. 635  0.99999877636521872226
427. 636  0.99999895229825508380
428. 637  0.99999910453562557144
429. 638  0.99999923608748442216
430. 639  0.99999934952731184268
431. 640  0.99999944720996725156
432. 641  0.99999953113767736657
433. 642  0.99999960314628977276
434. 643  0.99999966477921120589
435. 644  0.99999971745719373750
436. 645  0.99999976236703624899
437. 646  0.99999980059843640579
438. 647  0.99999983305483775009
439. 648  0.99999986057040690657
440. 649  0.99999988382599169778
441. 650  0.99999990345474110143
442. 651  0.99999991996771675495
443. 652  0.99999993384020635645
444. 653  0.99999994545266690515
445. 654  0.99999995516170603338
446. 655  0.99999996324556861271
447. 656  0.99999996996887097200
448. 657  0.99999997553603781064
449. 658  0.99999998014070501373
450. 659  0.99999998392994460250
451. 660  0.99999998704628600965
452. 661  0.99999998959364533313
453. 662  0.99999999167537056977
454. 663  0.99999999336528166971
455. 664  0.99999999473663092608
456. 665  0.99999999584109233730
457. 666  0.99999999673147565993
458. 667  0.99999999744185164019
459. 668  0.99999999800969807673
460. 669  0.99999999845886466954
461. 670  0.99999999881490442277
462. 671  0.99999999909314918334
463. 672  0.99999999931177008250
464. 673  0.99999999948042050946
465. 674  0.99999999961159302675
466. 675  0.99999999971153397116
467. 676  0.99999999978819331670
468. 677  0.99999999984554577281
469. 678  0.99999999988926990824
470. 679  0.99999999992106936020
471. 680  0.99999999994491883815
472. 681  0.99999999996195432228
473. 682  0.99999999997444688482
474. 683  0.99999999998296462689
475. 684  0.99999999998921096367
476. 685  0.99999999999318589516
477. 686  0.99999999999602506850
478. 687  0.99999999999772859471
479. 688  0.99999999999886435287
480. 689  0.99999999999943212092
481. 690  1.00000000000000000000

